<?xml version="1.0" encoding="UTF-8"?>
<testsuite name="FoxHoundUIBasicTest_05_update" tests="4" skipped="0" failures="0" errors="0" timestamp="2020-02-15T00:51:46" hostname="DESKTOP-P2LTMGC" time="0.012">
  <properties/>
  <testcase name="testDisplayBoard" classname="FoxHoundUIBasicTest_05_update" time="0.002"/>
  <testcase name="testPositionQueryMessage" classname="FoxHoundUIBasicTest_05_update" time="0.005"/>
  <testcase name="testPositionQueryError" classname="FoxHoundUIBasicTest_05_update" time="0.001"/>
  <testcase name="testPositionQueryReturn" classname="FoxHoundUIBasicTest_05_update" time="0.003"/>
  <system-out><![CDATA[Provide origin and destination coordinates.
Enter two positions between A1-H8:

]]></system-out>
  <system-err><![CDATA[]]></system-err>
</testsuite>
