<?xml version="1.0" encoding="UTF-8"?>
<testsuite name="FoxHoundUIBasicTest_05_update" tests="1" skipped="0" failures="0" errors="0" timestamp="2020-02-13T22:35:15" hostname="MSI" time="0.007">
  <properties/>
  <testcase name="testPositionQueryReturn" classname="FoxHoundUIBasicTest_05_update" time="0.007"/>
  <system-out><![CDATA[Provide origin and destination coordinates.
Enter two positions between A1-H8:

]]></system-out>
  <system-err><![CDATA[]]></system-err>
</testsuite>
