<?xml version="1.0" encoding="UTF-8"?>
<testsuite name="FoxHoundUIBasicTest_05_update" tests="1" skipped="0" failures="0" errors="0" timestamp="2020-02-12T17:31:06" hostname="MSI" time="0.003">
  <properties/>
  <testcase name="testDisplayBoard" classname="FoxHoundUIBasicTest_05_update" time="0.003"/>
  <system-out><![CDATA[]]></system-out>
  <system-err><![CDATA[]]></system-err>
</testsuite>
